This is XeTeX, Version 3.141592653-2.6-0.999996 (TeX Live 2024) (preloaded format=xelatex 2024.4.16)  17 APR 2024 10:21
entering extended mode
 restricted \write18 enabled.
 %&-line parsing enabled.
**main.tex
(./main.tex
LaTeX2e <2023-11-01> patch level 1
L3 programming layer <2024-03-14>
(/usr/local/texlive/2024/texmf-dist/tex/latex/base/article.cls
Document Class: article 2023/05/17 v1.4n Standard LaTeX document class
(/usr/local/texlive/2024/texmf-dist/tex/latex/base/size12.clo
File: size12.clo 2023/05/17 v1.4n Standard LaTeX file (size option)
)
\c@part=\count184
\c@section=\count185
\c@subsection=\count186
\c@subsubsection=\count187
\c@paragraph=\count188
\c@subparagraph=\count189
\c@figure=\count190
\c@table=\count191
\abovecaptionskip=\skip48
\belowcaptionskip=\skip49
\bibindent=\dimen140
)
(/usr/local/texlive/2024/texmf-dist/tex/latex/droid/droidserif.sty
Package: droidserif 2019/06/20 Style file for Droid Serif.

(/usr/local/texlive/2024/texmf-dist/tex/generic/iftex/ifluatex.sty
Package: ifluatex 2019/10/25 v1.5 ifluatex legacy package. Use iftex instead.

(/usr/local/texlive/2024/texmf-dist/tex/generic/iftex/iftex.sty
Package: iftex 2022/02/03 v1.0f TeX engine tests
))
(/usr/local/texlive/2024/texmf-dist/tex/generic/iftex/ifxetex.sty
Package: ifxetex 2019/10/25 v0.7 ifxetex legacy package. Use iftex instead.
)
(/usr/local/texlive/2024/texmf-dist/tex/latex/xkeyval/xkeyval.sty
Package: xkeyval 2022/06/16 v2.9 package option processing (HA)

(/usr/local/texlive/2024/texmf-dist/tex/generic/xkeyval/xkeyval.tex
(/usr/local/texlive/2024/texmf-dist/tex/generic/xkeyval/xkvutils.tex
\XKV@toks=\toks17
\XKV@tempa@toks=\toks18

(/usr/local/texlive/2024/texmf-dist/tex/generic/xkeyval/keyval.tex))
\XKV@depth=\count192
File: xkeyval.tex 2014/12/03 v2.7a key=value parser (HA)
))
(/usr/local/texlive/2024/texmf-dist/tex/latex/fontspec/fontspec.sty
(/usr/local/texlive/2024/texmf-dist/tex/latex/l3packages/xparse/xparse.sty
(/usr/local/texlive/2024/texmf-dist/tex/latex/l3kernel/expl3.sty
Package: expl3 2024-03-14 L3 programming layer (loader) 

(/usr/local/texlive/2024/texmf-dist/tex/latex/l3backend/l3backend-xetex.def
File: l3backend-xetex.def 2024-03-14 L3 backend support: XeTeX
\g__graphics_track_int=\count193
\l__pdf_internal_box=\box51
\g__pdf_backend_object_int=\count194
\g__pdf_backend_annotation_int=\count195
\g__pdf_backend_link_int=\count196
))
Package: xparse 2024-03-14 L3 Experimental document command parser
)
Package: fontspec 2024/02/13 v2.9a Font selection for XeLaTeX and LuaLaTeX

(/usr/local/texlive/2024/texmf-dist/tex/latex/fontspec/fontspec-xetex.sty
Package: fontspec-xetex 2024/02/13 v2.9a Font selection for XeLaTeX and LuaLaTe
X
\l__fontspec_script_int=\count197
\l__fontspec_language_int=\count198
\l__fontspec_strnum_int=\count199
\l__fontspec_tmp_int=\count266
\l__fontspec_tmpa_int=\count267
\l__fontspec_tmpb_int=\count268
\l__fontspec_tmpc_int=\count269
\l__fontspec_em_int=\count270
\l__fontspec_emdef_int=\count271
\l__fontspec_strong_int=\count272
\l__fontspec_strongdef_int=\count273
\l__fontspec_tmpa_dim=\dimen141
\l__fontspec_tmpb_dim=\dimen142
\l__fontspec_tmpc_dim=\dimen143

(/usr/local/texlive/2024/texmf-dist/tex/latex/base/fontenc.sty
Package: fontenc 2021/04/29 v2.0v Standard LaTeX package
)
(/usr/local/texlive/2024/texmf-dist/tex/latex/fontspec/fontspec.cfg)))
Requested font "[DroidSerif-Regular.ttf]/OT" at 11.99997pt
 -> /usr/local/texlive/2024/texmf-dist/fonts/truetype/ascender/droid/droidserif
/DroidSerif-Regular.ttf
Requested font "[DroidSerif-Regular.ttf]/OT" at 12.00003pt
 -> /usr/local/texlive/2024/texmf-dist/fonts/truetype/ascender/droid/droidserif
/DroidSerif-Regular.ttf

Package fontspec Info: DroidSerif-Regular scale = 1.

Requested font "[DroidSerif-Italic.ttf]/OT:script=latn;language=dflt;" at 12.00
003pt
 -> /usr/local/texlive/2024/texmf-dist/fonts/truetype/ascender/droid/droidserif
/DroidSerif-Italic.ttf

Package fontspec Info: DroidSerif-Italic scale = 1.

Requested font "[DroidSerif-Bold.ttf]/OT:script=latn;language=dflt;" at 12.0000
3pt
 -> /usr/local/texlive/2024/texmf-dist/fonts/truetype/ascender/droid/droidserif
/DroidSerif-Bold.ttf

Package fontspec Info: DroidSerif-Bold scale = 1.

Requested font "[DroidSerif-BoldItalic.ttf]/OT:script=latn;language=dflt;" at 1
2.00003pt
 -> /usr/local/texlive/2024/texmf-dist/fonts/truetype/ascender/droid/droidserif
/DroidSerif-BoldItalic.ttf

Package fontspec Info: DroidSerif-BoldItalic scale = 1.


Package fontspec Info: DroidSerif-Bold scale = 1.


Package fontspec Info: DroidSerif-BoldItalic scale = 1.


Package fontspec Info: DroidSerif-BoldItalic scale = 1.

Requested font "[DroidSerif-Regular.ttf]/OT:script=latn;language=dflt;" at 12.0
0003pt
 -> /usr/local/texlive/2024/texmf-dist/fonts/truetype/ascender/droid/droidserif
/DroidSerif-Regular.ttf

Package fontspec Info: DroidSerif-Regular scale = 1.


Package fontspec Info: DroidSerif-Italic scale = 1.


Package fontspec Info: DroidSerif-Regular scale = 1.


Package fontspec Info: Font family 'droidserif' created for font 'DroidSerif'
(fontspec)             with options
(fontspec)             [Extension=.ttf,Ligatures=TeX,Scale=1,UprightFont={*-Reg
ular},ItalicFont={*-Italic},SlantedFont={*-Regular},SlantedFeatures={FakeSlant=
0.213},FontFace={m}{ui}{Font=*-Italic,FakeSlant=-0.213},FontFace={b}{n}{*-Bold}
,FontFace={b}{it}{*-BoldItalic},FontFace={b}{sl}{Font=*-Bold,FakeSlant=0.213},F
ontFace={b}{ui}{Font=*-BoldItalic,FakeSlant=-0.213},BoldFont={*-Bold},BoldItali
cFont={*-BoldItalic},BoldSlantedFont={*-Bold},BoldSlantedFeatures={FakeSlant=0.
213},FontFace={bx}{ui}{Font=*-BoldItalic,FakeSlant=-0.213},NFSSFamily=droidseri
f].
(fontspec)              
(fontspec)              This font family consists of the following NFSS
(fontspec)             series/shapes:
(fontspec)              
(fontspec)             - (m/ui) with NFSS spec.:
(fontspec)             <->s*[1]"[DroidSerif-Italic.ttf]/OT:script=latn;language
=dflt;slant=-0.213;mapping=tex-text;"
(fontspec)             -  (m/scui) with NFSS spec.: 
(fontspec)             - 'bold' (b/n) with NFSS spec.:
(fontspec)             <->s*[1]"[DroidSerif-Bold.ttf]/OT:script=latn;language=d
flt;mapping=tex-text;"
(fontspec)             - 'bold small caps'  (b/sc) with NFSS spec.: 
(fontspec)             - 'bold italic' (b/it) with NFSS spec.:
(fontspec)             <->s*[1]"[DroidSerif-BoldItalic.ttf]/OT:script=latn;lang
uage=dflt;mapping=tex-text;"
(fontspec)             - 'bold italic small caps'  (b/scit) with NFSS spec.: 
(fontspec)             - 'bold slanted' (b/sl) with NFSS spec.:
(fontspec)             <->s*[1]"[DroidSerif-Bold.ttf]/OT:script=latn;language=d
flt;slant=0.213;mapping=tex-text;"
(fontspec)             - 'bold slanted small caps'  (b/scsl) with NFSS spec.: 
(fontspec)             - (b/ui) with NFSS spec.:
(fontspec)             <->s*[1]"[DroidSerif-BoldItalic.ttf]/OT:script=latn;lang
uage=dflt;slant=-0.213;mapping=tex-text;"
(fontspec)             -  (b/scui) with NFSS spec.: 
(fontspec)             - (bx/ui) with NFSS spec.:
(fontspec)             <->s*[1]"[DroidSerif-BoldItalic.ttf]/OT:script=latn;lang
uage=dflt;slant=-0.213;mapping=tex-text;"
(fontspec)             -  (bx/scui) with NFSS spec.: 
(fontspec)             - 'normal' (m/n) with NFSS spec.:
(fontspec)             <->s*[1]"[DroidSerif-Regular.ttf]/OT:script=latn;languag
e=dflt;mapping=tex-text;"
(fontspec)             - 'small caps'  (m/sc) with NFSS spec.: 
(fontspec)             - 'italic' (m/it) with NFSS spec.:
(fontspec)             <->s*[1]"[DroidSerif-Italic.ttf]/OT:script=latn;language
=dflt;mapping=tex-text;"
(fontspec)             - 'italic small caps'  (m/scit) with NFSS spec.: 
(fontspec)             - 'slanted' (m/sl) with NFSS spec.:
(fontspec)             <->s*[1]"[DroidSerif-Regular.ttf]/OT:script=latn;languag
e=dflt;slant=0.213;mapping=tex-text;"
(fontspec)             - 'slanted small caps'  (m/scsl) with NFSS spec.: 


Package fontspec Info: DroidSerif-Regular scale = 1.


Package fontspec Info: DroidSerif-Italic scale = 1.


Package fontspec Info: DroidSerif-Bold scale = 1.


Package fontspec Info: DroidSerif-BoldItalic scale = 1.


Package fontspec Info: DroidSerif-Bold scale = 1.


Package fontspec Info: DroidSerif-BoldItalic scale = 1.


Package fontspec Info: DroidSerif-BoldItalic scale = 1.


Package fontspec Info: DroidSerif-Regular scale = 1.


Package fontspec Info: DroidSerif-Italic scale = 1.


Package fontspec Info: DroidSerif-Regular scale = 1.


Package fontspec Info: Font family 'fdr' created for font 'DroidSerif' with
(fontspec)             options
(fontspec)             [Extension=.ttf,Ligatures=TeX,Scale=1,UprightFont={*-Reg
ular},ItalicFont={*-Italic},SlantedFont={*-Regular},SlantedFeatures={FakeSlant=
0.213},FontFace={m}{ui}{Font=*-Italic,FakeSlant=-0.213},FontFace={b}{n}{*-Bold}
,FontFace={b}{it}{*-BoldItalic},FontFace={b}{sl}{Font=*-Bold,FakeSlant=0.213},F
ontFace={b}{ui}{Font=*-BoldItalic,FakeSlant=-0.213},BoldFont={*-Bold},BoldItali
cFont={*-BoldItalic},BoldSlantedFont={*-Bold},BoldSlantedFeatures={FakeSlant=0.
213},FontFace={bx}{ui}{Font=*-BoldItalic,FakeSlant=-0.213},NFSSFamily=fdr].
(fontspec)              
(fontspec)              This font family consists of the following NFSS
(fontspec)             series/shapes:
(fontspec)              
(fontspec)             - (m/ui) with NFSS spec.:
(fontspec)             <->s*[1]"[DroidSerif-Italic.ttf]/OT:script=latn;language
=dflt;slant=-0.213;mapping=tex-text;"
(fontspec)             -  (m/scui) with NFSS spec.: 
(fontspec)             - 'bold' (b/n) with NFSS spec.:
(fontspec)             <->s*[1]"[DroidSerif-Bold.ttf]/OT:script=latn;language=d
flt;mapping=tex-text;"
(fontspec)             - 'bold small caps'  (b/sc) with NFSS spec.: 
(fontspec)             - 'bold italic' (b/it) with NFSS spec.:
(fontspec)             <->s*[1]"[DroidSerif-BoldItalic.ttf]/OT:script=latn;lang
uage=dflt;mapping=tex-text;"
(fontspec)             - 'bold italic small caps'  (b/scit) with NFSS spec.: 
(fontspec)             - 'bold slanted' (b/sl) with NFSS spec.:
(fontspec)             <->s*[1]"[DroidSerif-Bold.ttf]/OT:script=latn;language=d
flt;slant=0.213;mapping=tex-text;"
(fontspec)             - 'bold slanted small caps'  (b/scsl) with NFSS spec.: 
(fontspec)             - (b/ui) with NFSS spec.:
(fontspec)             <->s*[1]"[DroidSerif-BoldItalic.ttf]/OT:script=latn;lang
uage=dflt;slant=-0.213;mapping=tex-text;"
(fontspec)             -  (b/scui) with NFSS spec.: 
(fontspec)             - (bx/ui) with NFSS spec.:
(fontspec)             <->s*[1]"[DroidSerif-BoldItalic.ttf]/OT:script=latn;lang
uage=dflt;slant=-0.213;mapping=tex-text;"
(fontspec)             -  (bx/scui) with NFSS spec.: 
(fontspec)             - 'normal' (m/n) with NFSS spec.:
(fontspec)             <->s*[1]"[DroidSerif-Regular.ttf]/OT:script=latn;languag
e=dflt;mapping=tex-text;"
(fontspec)             - 'small caps'  (m/sc) with NFSS spec.: 
(fontspec)             - 'italic' (m/it) with NFSS spec.:
(fontspec)             <->s*[1]"[DroidSerif-Italic.ttf]/OT:script=latn;language
=dflt;mapping=tex-text;"
(fontspec)             - 'italic small caps'  (m/scit) with NFSS spec.: 
(fontspec)             - 'slanted' (m/sl) with NFSS spec.:
(fontspec)             <->s*[1]"[DroidSerif-Regular.ttf]/OT:script=latn;languag
e=dflt;slant=0.213;mapping=tex-text;"
(fontspec)             - 'slanted small caps'  (m/scsl) with NFSS spec.: 


Package fontspec Info: DroidSerif-Regular scale = 1.


Package fontspec Info: DroidSerif-Italic scale = 1.


Package fontspec Info: DroidSerif-Bold scale = 1.


Package fontspec Info: DroidSerif-BoldItalic scale = 1.


Package fontspec Info: DroidSerif-Bold scale = 1.


Package fontspec Info: DroidSerif-BoldItalic scale = 1.


Package fontspec Info: DroidSerif-BoldItalic scale = 1.


Package fontspec Info: DroidSerif-Regular scale = 1.


Package fontspec Info: DroidSerif-Italic scale = 1.


Package fontspec Info: DroidSerif-Regular scale = 1.


Package fontspec Info: Font family 'DroidSerif(0)' created for font
(fontspec)             'DroidSerif' with options
(fontspec)             [Ligatures=TeX,Extension=.ttf,Ligatures=TeX,Scale=1,Upri
ghtFont={*-Regular},ItalicFont={*-Italic},SlantedFont={*-Regular},SlantedFeatur
es={FakeSlant=0.213},FontFace={m}{ui}{Font=*-Italic,FakeSlant=-0.213},FontFace=
{b}{n}{*-Bold},FontFace={b}{it}{*-BoldItalic},FontFace={b}{sl}{Font=*-Bold,Fake
Slant=0.213},FontFace={b}{ui}{Font=*-BoldItalic,FakeSlant=-0.213},BoldFont={*-B
old},BoldItalicFont={*-BoldItalic},BoldSlantedFont={*-Bold},BoldSlantedFeatures
={FakeSlant=0.213},FontFace={bx}{ui}{Font=*-BoldItalic,FakeSlant=-0.213}].
(fontspec)              
(fontspec)              This font family consists of the following NFSS
(fontspec)             series/shapes:
(fontspec)              
(fontspec)             - (m/ui) with NFSS spec.:
(fontspec)             <->s*[1]"[DroidSerif-Italic.ttf]/OT:script=latn;language
=dflt;slant=-0.213;mapping=tex-text;"
(fontspec)             -  (m/scui) with NFSS spec.: 
(fontspec)             - 'bold' (b/n) with NFSS spec.:
(fontspec)             <->s*[1]"[DroidSerif-Bold.ttf]/OT:script=latn;language=d
flt;mapping=tex-text;"
(fontspec)             - 'bold small caps'  (b/sc) with NFSS spec.: 
(fontspec)             - 'bold italic' (b/it) with NFSS spec.:
(fontspec)             <->s*[1]"[DroidSerif-BoldItalic.ttf]/OT:script=latn;lang
uage=dflt;mapping=tex-text;"
(fontspec)             - 'bold italic small caps'  (b/scit) with NFSS spec.: 
(fontspec)             - 'bold slanted' (b/sl) with NFSS spec.:
(fontspec)             <->s*[1]"[DroidSerif-Bold.ttf]/OT:script=latn;language=d
flt;slant=0.213;mapping=tex-text;"
(fontspec)             - 'bold slanted small caps'  (b/scsl) with NFSS spec.: 
(fontspec)             - (b/ui) with NFSS spec.:
(fontspec)             <->s*[1]"[DroidSerif-BoldItalic.ttf]/OT:script=latn;lang
uage=dflt;slant=-0.213;mapping=tex-text;"
(fontspec)             -  (b/scui) with NFSS spec.: 
(fontspec)             - (bx/ui) with NFSS spec.:
(fontspec)             <->s*[1]"[DroidSerif-BoldItalic.ttf]/OT:script=latn;lang
uage=dflt;slant=-0.213;mapping=tex-text;"
(fontspec)             -  (bx/scui) with NFSS spec.: 
(fontspec)             - 'normal' (m/n) with NFSS spec.:
(fontspec)             <->s*[1]"[DroidSerif-Regular.ttf]/OT:script=latn;languag
e=dflt;mapping=tex-text;"
(fontspec)             - 'small caps'  (m/sc) with NFSS spec.: 
(fontspec)             - 'italic' (m/it) with NFSS spec.:
(fontspec)             <->s*[1]"[DroidSerif-Italic.ttf]/OT:script=latn;language
=dflt;mapping=tex-text;"
(fontspec)             - 'italic small caps'  (m/scit) with NFSS spec.: 
(fontspec)             - 'slanted' (m/sl) with NFSS spec.:
(fontspec)             <->s*[1]"[DroidSerif-Regular.ttf]/OT:script=latn;languag
e=dflt;slant=0.213;mapping=tex-text;"
(fontspec)             - 'slanted small caps'  (m/scsl) with NFSS spec.: 

LaTeX Font Info:    Font shape `TU/DroidSerif(0)/m/n' will be
(Font)              scaled to size 12.0pt on input line 94.
Requested font "[DroidSerif-Regular.ttf]/OT:script=latn;language=dflt;mapping=t
ex-text;" at 12.0pt
 -> /usr/local/texlive/2024/texmf-dist/fonts/truetype/ascender/droid/droidserif
/DroidSerif-Regular.ttf
)
(/usr/local/texlive/2024/texmf-dist/tex/latex/droid/droidsans.sty
Package: droidsans 2019/06/20 Style file for Droid Sans.
Requested font "[DroidSans.ttf]/OT" at 11.99997pt
 -> /usr/local/texlive/2024/texmf-dist/fonts/truetype/ascender/droid/droidsans/
DroidSans.ttf
Requested font "[DroidSans.ttf]/OT" at 12.00003pt
 -> /usr/local/texlive/2024/texmf-dist/fonts/truetype/ascender/droid/droidsans/
DroidSans.ttf

Package fontspec Info: DroidSans scale = 1.

Requested font "[DroidSans-Bold.ttf]/OT:script=latn;language=dflt;" at 12.00003
pt
 -> /usr/local/texlive/2024/texmf-dist/fonts/truetype/ascender/droid/droidsans/
DroidSans-Bold.ttf

Package fontspec Info: DroidSans-Bold scale = 1.


Package fontspec Info: DroidSans-Bold scale = 1.

Requested font "[DroidSans.ttf]/OT:script=latn;language=dflt;" at 12.00003pt
 -> /usr/local/texlive/2024/texmf-dist/fonts/truetype/ascender/droid/droidsans/
DroidSans.ttf

Package fontspec Info: DroidSans scale = 1.


Package fontspec Info: DroidSans scale = 1.


Package fontspec Info: Font family 'droidsans' created for font 'DroidSans'
(fontspec)             with options
(fontspec)             [Extension=.ttf,Ligatures=TeX,Scale=1,UprightFont={*},It
alicFont={*},ItalicFeatures={FakeSlant=0.213},FontFace={b}{n}{*-Bold},FontFace=
{b}{it}{Font=*-Bold,FakeSlant=0.213},BoldFont={*-Bold},BoldItalicFont={*-Bold},
BoldItalicFeatures={FakeSlant=0.213},NFSSFamily=droidsans].
(fontspec)              
(fontspec)              This font family consists of the following NFSS
(fontspec)             series/shapes:
(fontspec)              
(fontspec)             - 'bold' (b/n) with NFSS spec.:
(fontspec)             <->s*[1]"[DroidSans-Bold.ttf]/OT:script=latn;language=df
lt;mapping=tex-text;"
(fontspec)             - 'bold small caps'  (b/sc) with NFSS spec.: 
(fontspec)             - 'bold italic' (b/it) with NFSS spec.:
(fontspec)             <->s*[1]"[DroidSans-Bold.ttf]/OT:script=latn;language=df
lt;slant=0.213;mapping=tex-text;"
(fontspec)             - 'bold italic small caps'  (b/scit) with NFSS spec.: 
(fontspec)             - 'normal' (m/n) with NFSS spec.:
(fontspec)             <->s*[1]"[DroidSans.ttf]/OT:script=latn;language=dflt;ma
pping=tex-text;"
(fontspec)             - 'small caps'  (m/sc) with NFSS spec.: 
(fontspec)             - 'italic' (m/it) with NFSS spec.:
(fontspec)             <->s*[1]"[DroidSans.ttf]/OT:script=latn;language=dflt;sl
ant=0.213;mapping=tex-text;"
(fontspec)             - 'italic small caps'  (m/scit) with NFSS spec.: 


Package fontspec Info: DroidSans scale = 1.


Package fontspec Info: DroidSans-Bold scale = 1.


Package fontspec Info: DroidSans-Bold scale = 1.


Package fontspec Info: DroidSans scale = 1.


Package fontspec Info: DroidSans scale = 1.


Package fontspec Info: Font family 'fds' created for font 'DroidSans' with
(fontspec)             options
(fontspec)             [Extension=.ttf,Ligatures=TeX,Scale=1,UprightFont={*},It
alicFont={*},ItalicFeatures={FakeSlant=0.213},FontFace={b}{n}{*-Bold},FontFace=
{b}{it}{Font=*-Bold,FakeSlant=0.213},BoldFont={*-Bold},BoldItalicFont={*-Bold},
BoldItalicFeatures={FakeSlant=0.213},NFSSFamily=fds].
(fontspec)              
(fontspec)              This font family consists of the following NFSS
(fontspec)             series/shapes:
(fontspec)              
(fontspec)             - 'bold' (b/n) with NFSS spec.:
(fontspec)             <->s*[1]"[DroidSans-Bold.ttf]/OT:script=latn;language=df
lt;mapping=tex-text;"
(fontspec)             - 'bold small caps'  (b/sc) with NFSS spec.: 
(fontspec)             - 'bold italic' (b/it) with NFSS spec.:
(fontspec)             <->s*[1]"[DroidSans-Bold.ttf]/OT:script=latn;language=df
lt;slant=0.213;mapping=tex-text;"
(fontspec)             - 'bold italic small caps'  (b/scit) with NFSS spec.: 
(fontspec)             - 'normal' (m/n) with NFSS spec.:
(fontspec)             <->s*[1]"[DroidSans.ttf]/OT:script=latn;language=dflt;ma
pping=tex-text;"
(fontspec)             - 'small caps'  (m/sc) with NFSS spec.: 
(fontspec)             - 'italic' (m/it) with NFSS spec.:
(fontspec)             <->s*[1]"[DroidSans.ttf]/OT:script=latn;language=dflt;sl
ant=0.213;mapping=tex-text;"
(fontspec)             - 'italic small caps'  (m/scit) with NFSS spec.: 


Package fontspec Info: DroidSans scale = 1.


Package fontspec Info: DroidSans-Bold scale = 1.


Package fontspec Info: DroidSans-Bold scale = 1.


Package fontspec Info: DroidSans scale = 1.


Package fontspec Info: DroidSans scale = 1.


Package fontspec Info: Font family 'DroidSans(0)' created for font 'DroidSans'
(fontspec)             with options
(fontspec)             [Ligatures=TeX,Extension=.ttf,Ligatures=TeX,Scale=1,Upri
ghtFont={*},ItalicFont={*},ItalicFeatures={FakeSlant=0.213},FontFace={b}{n}{*-B
old},FontFace={b}{it}{Font=*-Bold,FakeSlant=0.213},BoldFont={*-Bold},BoldItalic
Font={*-Bold},BoldItalicFeatures={FakeSlant=0.213}].
(fontspec)              
(fontspec)              This font family consists of the following NFSS
(fontspec)             series/shapes:
(fontspec)              
(fontspec)             - 'bold' (b/n) with NFSS spec.:
(fontspec)             <->s*[1]"[DroidSans-Bold.ttf]/OT:script=latn;language=df
lt;mapping=tex-text;"
(fontspec)             - 'bold small caps'  (b/sc) with NFSS spec.: 
(fontspec)             - 'bold italic' (b/it) with NFSS spec.:
(fontspec)             <->s*[1]"[DroidSans-Bold.ttf]/OT:script=latn;language=df
lt;slant=0.213;mapping=tex-text;"
(fontspec)             - 'bold italic small caps'  (b/scit) with NFSS spec.: 
(fontspec)             - 'normal' (m/n) with NFSS spec.:
(fontspec)             <->s*[1]"[DroidSans.ttf]/OT:script=latn;language=dflt;ma
pping=tex-text;"
(fontspec)             - 'small caps'  (m/sc) with NFSS spec.: 
(fontspec)             - 'italic' (m/it) with NFSS spec.:
(fontspec)             <->s*[1]"[DroidSans.ttf]/OT:script=latn;language=dflt;sl
ant=0.213;mapping=tex-text;"
(fontspec)             - 'italic small caps'  (m/scit) with NFSS spec.: 

)
(build/main.aux)
\openout1 = `main.aux'.

LaTeX Font Info:    Checking defaults for OML/cmm/m/it on input line 6.
LaTeX Font Info:    ... okay on input line 6.
LaTeX Font Info:    Checking defaults for OMS/cmsy/m/n on input line 6.
LaTeX Font Info:    ... okay on input line 6.
LaTeX Font Info:    Checking defaults for OT1/cmr/m/n on input line 6.
LaTeX Font Info:    ... okay on input line 6.
LaTeX Font Info:    Checking defaults for T1/cmr/m/n on input line 6.
LaTeX Font Info:    ... okay on input line 6.
LaTeX Font Info:    Checking defaults for TS1/cmr/m/n on input line 6.
LaTeX Font Info:    Trying to load font information for TS1+cmr on input line 6
.
 (/usr/local/texlive/2024/texmf-dist/tex/latex/base/ts1cmr.fd
File: ts1cmr.fd 2023/04/13 v2.5m Standard LaTeX font definitions
)
LaTeX Font Info:    ... okay on input line 6.
LaTeX Font Info:    Checking defaults for TU/lmr/m/n on input line 6.
LaTeX Font Info:    ... okay on input line 6.
LaTeX Font Info:    Checking defaults for OMX/cmex/m/n on input line 6.
LaTeX Font Info:    ... okay on input line 6.
LaTeX Font Info:    Checking defaults for U/cmr/m/n on input line 6.
LaTeX Font Info:    ... okay on input line 6.

Package fontspec Info: Adjusting the maths setup (use [no-math] to avoid
(fontspec)             this).

\symlegacymaths=\mathgroup4
LaTeX Font Info:    Overwriting symbol font `legacymaths' in version `bold'
(Font)                  OT1/cmr/m/n --> OT1/cmr/bx/n on input line 6.
LaTeX Font Info:    Redeclaring math accent \acute on input line 6.
LaTeX Font Info:    Redeclaring math accent \grave on input line 6.
LaTeX Font Info:    Redeclaring math accent \ddot on input line 6.
LaTeX Font Info:    Redeclaring math accent \tilde on input line 6.
LaTeX Font Info:    Redeclaring math accent \bar on input line 6.
LaTeX Font Info:    Redeclaring math accent \breve on input line 6.
LaTeX Font Info:    Redeclaring math accent \check on input line 6.
LaTeX Font Info:    Redeclaring math accent \hat on input line 6.
LaTeX Font Info:    Redeclaring math accent \dot on input line 6.
LaTeX Font Info:    Redeclaring math accent \mathring on input line 6.
LaTeX Font Info:    Redeclaring math symbol \colon on input line 6.
LaTeX Font Info:    Redeclaring math symbol \Gamma on input line 6.
LaTeX Font Info:    Redeclaring math symbol \Delta on input line 6.
LaTeX Font Info:    Redeclaring math symbol \Theta on input line 6.
LaTeX Font Info:    Redeclaring math symbol \Lambda on input line 6.
LaTeX Font Info:    Redeclaring math symbol \Xi on input line 6.
LaTeX Font Info:    Redeclaring math symbol \Pi on input line 6.
LaTeX Font Info:    Redeclaring math symbol \Sigma on input line 6.
LaTeX Font Info:    Redeclaring math symbol \Upsilon on input line 6.
LaTeX Font Info:    Redeclaring math symbol \Phi on input line 6.
LaTeX Font Info:    Redeclaring math symbol \Psi on input line 6.
LaTeX Font Info:    Redeclaring math symbol \Omega on input line 6.
LaTeX Font Info:    Redeclaring math symbol \mathdollar on input line 6.
LaTeX Font Info:    Redeclaring symbol font `operators' on input line 6.
LaTeX Font Info:    Encoding `OT1' has changed to `TU' for symbol font
(Font)              `operators' in the math version `normal' on input line 6.
LaTeX Font Info:    Overwriting symbol font `operators' in version `normal'
(Font)                  OT1/cmr/m/n --> TU/DroidSerif(0)/m/n on input line 6.
LaTeX Font Info:    Encoding `OT1' has changed to `TU' for symbol font
(Font)              `operators' in the math version `bold' on input line 6.
LaTeX Font Info:    Overwriting symbol font `operators' in version `bold'
(Font)                  OT1/cmr/bx/n --> TU/DroidSerif(0)/m/n on input line 6.
LaTeX Font Info:    Overwriting symbol font `operators' in version `normal'
(Font)                  TU/DroidSerif(0)/m/n --> TU/DroidSerif(0)/m/n on input 
line 6.
LaTeX Font Info:    Overwriting math alphabet `\mathit' in version `normal'
(Font)                  OT1/cmr/m/it --> TU/DroidSerif(0)/m/it on input line 6.

LaTeX Font Info:    Overwriting math alphabet `\mathbf' in version `normal'
(Font)                  OT1/cmr/bx/n --> TU/DroidSerif(0)/b/n on input line 6.
LaTeX Font Info:    Overwriting math alphabet `\mathsf' in version `normal'
(Font)                  OT1/cmss/m/n --> TU/DroidSans(0)/m/n on input line 6.
LaTeX Font Info:    Overwriting math alphabet `\mathtt' in version `normal'
(Font)                  OT1/cmtt/m/n --> TU/lmtt/m/n on input line 6.
LaTeX Font Info:    Overwriting symbol font `operators' in version `bold'
(Font)                  TU/DroidSerif(0)/m/n --> TU/DroidSerif(0)/b/n on input 
line 6.
LaTeX Font Info:    Overwriting math alphabet `\mathit' in version `bold'
(Font)                  OT1/cmr/bx/it --> TU/DroidSerif(0)/b/it on input line 6
.
LaTeX Font Info:    Overwriting math alphabet `\mathsf' in version `bold'
(Font)                  OT1/cmss/bx/n --> TU/DroidSans(0)/b/n on input line 6.
LaTeX Font Info:    Overwriting math alphabet `\mathtt' in version `bold'
(Font)                  OT1/cmtt/m/n --> TU/lmtt/b/n on input line 6.
LaTeX Font Info:    Font shape `TU/DroidSerif(0)/m/n' will be
(Font)              scaled to size 17.28pt on input line 8.
Requested font "[DroidSerif-Regular.ttf]/OT:script=latn;language=dflt;mapping=t
ex-text;" at 17.28pt
 -> /usr/local/texlive/2024/texmf-dist/fonts/truetype/ascender/droid/droidserif
/DroidSerif-Regular.ttf
LaTeX Font Info:    Font shape `TU/DroidSerif(0)/b/n' will be
(Font)              scaled to size 17.28pt on input line 8.
Requested font "[DroidSerif-Bold.ttf]/OT:script=latn;language=dflt;mapping=tex-
text;" at 17.28pt
 -> /usr/local/texlive/2024/texmf-dist/fonts/truetype/ascender/droid/droidserif
/DroidSerif-Bold.ttf

(../intro.tex
Overfull \hbox (16.47552pt too wide) in paragraph at lines 1--5
\TU/DroidSerif(0)/m/n/12 В современном мире существует множество операционных с
истем
 []


Overfull \hbox (16.03986pt too wide) in paragraph at lines 1--5
\TU/DroidSerif(0)/m/n/12 платформы, невозможно или проблематично запустить на д
ругой.
 []


Overfull \hbox (44.69806pt too wide) in paragraph at lines 1--5
\TU/DroidSerif(0)/m/n/12 Приложение, предназначенное пля работы на нескольких п
латформах,
 []


Overfull \hbox (36.56967pt too wide) in paragraph at lines 1--5
\TU/DroidSerif(0)/m/n/12 называют кроссплатформенным. Для создания кроссплатфор
менного
 []


Overfull \hbox (54.34454pt too wide) in paragraph at lines 1--5
\TU/DroidSerif(0)/m/n/12 приложения может быть использована кросс-компиляция, с
пециальные
 []


Overfull \hbox (26.19858pt too wide) in paragraph at lines 6--10
\TU/DroidSerif(0)/m/n/12 кода для одной платформы на другой платформе. Кросс-ко
мпиляция
 []


Overfull \hbox (28.5672pt too wide) in paragraph at lines 6--10
\TU/DroidSerif(0)/m/n/12 размеры исполняемого файла, чем при использовании вирт
уальных
 []


Overfull \hbox (16.66537pt too wide) in paragraph at lines 6--10
\TU/DroidSerif(0)/m/n/12 машин. Большинство компилируемых языков программирован
ия
 []


Overfull \hbox (23.55157pt too wide) in paragraph at lines 6--10
\TU/DroidSerif(0)/m/n/12 оказаться проблематичной, так как функционал целевых п
латформ
 []


Overfull \hbox (1.47736pt too wide) in paragraph at lines 11--14
[]\TU/DroidSerif(0)/m/n/12 Для использования виртуальных машин, таких как JVM, 
.NET,
 []


Overfull \hbox (15.11774pt too wide) in paragraph at lines 11--14
\TU/DroidSerif(0)/m/n/12 V8, QuickJS или CPython, необходимо использовать тольк
о те языки
 []


Overfull \hbox (8.4318pt too wide) in paragraph at lines 11--14
\TU/DroidSerif(0)/m/n/12 виртуальную машину. Кроме того, многие виртуальные маш
ины
 []


Overfull \hbox (7.93439pt too wide) in paragraph at lines 11--14
\TU/DroidSerif(0)/m/n/12 используют компиляцию во время выполнения, что не позв
оляет
 []


Overfull \hbox (1.82709pt too wide) in paragraph at lines 11--14
\TU/DroidSerif(0)/m/n/12 архива для виртуальной машины JVM или в виде исходного
 кода
 []


Overfull \hbox (9.79883pt too wide) in paragraph at lines 11--14
\TU/DroidSerif(0)/m/n/12 для виртуальных машин скриптовых языков программирован
ия. 
 []


Overfull \hbox (7.97852pt too wide) in paragraph at lines 15--17
[]\TU/DroidSerif(0)/m/n/12 Использование обоих подходов подразумевает разгранич
ение
 []


Overfull \hbox (24.15509pt too wide) in paragraph at lines 15--17
\TU/DroidSerif(0)/m/n/12 кросс-компилированного кода и кода, выполняемого в вир
туальной
 []


Overfull \hbox (32.94858pt too wide) in paragraph at lines 15--17
\TU/DroidSerif(0)/m/n/12 машине. Такой подход требует больших усилий при проект
ировании
 []


Overfull \hbox (13.43555pt too wide) in paragraph at lines 15--17
\TU/DroidSerif(0)/m/n/12 кода будут использованы возможности и соблюдены ограни
чения
 []

)
Overfull \hbox (99.35352pt too wide) in paragraph at lines 18--11
[]\TU/DroidSerif(0)/m/n/12 Целью дипломного проектировании является создание кр
оссплатформенной
 []


Overfull \hbox (44.45392pt too wide) in paragraph at lines 18--11
\TU/DroidSerif(0)/m/n/12 среды выполнения кода, объединяющей преимущества сущес
твующих
 []

[1

] [2] (build/main.aux)
 ***********
LaTeX2e <2023-11-01> patch level 1
L3 programming layer <2024-03-14>
 ***********
 ) 
Here is how much of TeX's memory you used:
 3497 strings out of 474761
 109248 string characters out of 5757509
 1925145 words of memory out of 5000000
 25664 multiletter control sequences out of 15000+600000
 558189 words of font info for 51 fonts, out of 8000000 for 9000
 1348 hyphenation exceptions out of 8191
 94i,5n,117p,267b,292s stack positions out of 10000i,1000n,20000p,200000b,200000s

Output written on build/main.pdf (2 pages).
